<?xml version="1.0" encoding="UTF-8"?>
<testng-results ignored="0" total="1" passed="1" failed="0" skipped="0">
  <reporter-output>
  </reporter-output>
  <suite started-at="2024-03-15T12:36:51 IST" name="Default suite" finished-at="2024-03-15T12:37:27 IST" duration-ms="35430">
    <groups>
    </groups>
    <test started-at="2024-03-15T12:36:51 IST" name="Default test" finished-at="2024-03-15T12:37:27 IST" duration-ms="35430">
      <class name="demopkg.TestClass">
        <test-method is-config="true" signature="setup()[pri:0, instance:demopkg.TestClass@639c2c1d]" started-at="2024-03-15T12:36:51 IST" name="setup" finished-at="2024-03-15T12:37:19 IST" duration-ms="27764" status="PASS">
          <reporter-output>
          </reporter-output>
        </test-method> <!-- setup -->
        <test-method signature="operation()[pri:0, instance:demopkg.TestClass@639c2c1d]" started-at="2024-03-15T12:37:19 IST" name="operation" finished-at="2024-03-15T12:37:25 IST" duration-ms="6372" status="PASS">
          <reporter-output>
          </reporter-output>
        </test-method> <!-- operation -->
        <test-method is-config="true" signature="tearDown()[pri:0, instance:demopkg.TestClass@639c2c1d]" started-at="2024-03-15T12:37:25 IST" name="tearDown" finished-at="2024-03-15T12:37:27 IST" duration-ms="1159" status="PASS">
          <reporter-output>
          </reporter-output>
        </test-method> <!-- tearDown -->
      </class> <!-- demopkg.TestClass -->
    </test> <!-- Default test -->
  </suite> <!-- Default suite -->
</testng-results>
